2005.09.08 21:45 B C:\xampp\htdocs\nhs\images\background-pattern.jpg --> nhs.christstechangel.com /images background-pattern.jpg
2005.09.08 21:45 B C:\xampp\htdocs\nhs\images\leftshadow_17.jpg --> nhs.christstechangel.com /images leftshadow_17.jpg
2005.09.08 21:45 B C:\xampp\htdocs\nhs\images\nhslayoutv2_01.jpg --> nhs.christstechangel.com /images nhslayoutv2_01.jpg
2005.09.08 21:45 B C:\xampp\htdocs\nhs\images\nhslayoutv2_02.jpg --> nhs.christstechangel.com /images nhslayoutv2_02.jpg
2005.09.08 21:45 B C:\xampp\htdocs\nhs\images\nhslayoutv2_03.jpg --> nhs.christstechangel.com /images nhslayoutv2_03.jpg
2005.09.08 21:46 B C:\xampp\htdocs\nhs\images\nhslayoutv2_04.jpg --> nhs.christstechangel.com /images nhslayoutv2_04.jpg
2005.09.08 21:46 B C:\xampp\htdocs\nhs\images\nhslayoutv2_05.jpg --> nhs.christstechangel.com /images nhslayoutv2_05.jpg
2005.09.08 21:46 B C:\xampp\htdocs\nhs\images\nhslayoutv2_06.jpg --> nhs.christstechangel.com /images nhslayoutv2_06.jpg
2005.09.08 21:46 B C:\xampp\htdocs\nhs\images\nhslayoutv2_07.jpg --> nhs.christstechangel.com /images nhslayoutv2_07.jpg
2005.09.08 21:46 B C:\xampp\htdocs\nhs\images\nhslayoutv2_08.jpg --> nhs.christstechangel.com /images nhslayoutv2_08.jpg
2005.09.08 21:46 B C:\xampp\htdocs\nhs\images\nhslayoutv2_09.jpg --> nhs.christstechangel.com /images nhslayoutv2_09.jpg
2005.09.08 21:46 B C:\xampp\htdocs\nhs\images\nhslayoutv2_10.jpg --> nhs.christstechangel.com /images nhslayoutv2_10.jpg
2005.09.08 21:46 B C:\xampp\htdocs\nhs\images\nhslayoutv2_11.jpg --> nhs.christstechangel.com /images nhslayoutv2_11.jpg
2005.09.08 21:46 B C:\xampp\htdocs\nhs\images\nhslayoutv2_12.jpg --> nhs.christstechangel.com /images nhslayoutv2_12.jpg
2005.09.08 21:46 B C:\xampp\htdocs\nhs\images\nhslayoutv2_13.jpg --> nhs.christstechangel.com /images nhslayoutv2_13.jpg
2005.09.08 21:46 B C:\xampp\htdocs\nhs\images\nhslayoutv2_14.jpg --> nhs.christstechangel.com /images nhslayoutv2_14.jpg
2005.09.08 21:46 B C:\xampp\htdocs\nhs\images\nhslayoutv2_15.jpg --> nhs.christstechangel.com /images nhslayoutv2_15.jpg
2005.09.08 21:46 B C:\xampp\htdocs\nhs\images\nhslayoutv2_16.jpg --> nhs.christstechangel.com /images nhslayoutv2_16.jpg
2005.09.08 21:46 B C:\xampp\htdocs\nhs\images\nhslayoutv2_17.jpg --> nhs.christstechangel.com /images nhslayoutv2_17.jpg
2005.09.08 21:46 B C:\xampp\htdocs\nhs\images\nhslayoutv2_18.jpg --> nhs.christstechangel.com /images nhslayoutv2_18.jpg
2005.09.08 21:46 B C:\xampp\htdocs\nhs\images\nhslayoutv2_19.jpg --> nhs.christstechangel.com /images nhslayoutv2_19.jpg
2005.09.08 21:47 B C:\xampp\htdocs\nhs\images\nhslayoutv2_20.jpg --> nhs.christstechangel.com /images nhslayoutv2_20.jpg
2005.09.08 21:47 B C:\xampp\htdocs\nhs\images\nhslayoutv2_21.jpg --> nhs.christstechangel.com /images nhslayoutv2_21.jpg
2005.09.08 21:47 B C:\xampp\htdocs\nhs\images\nhslayoutv2_22.jpg --> nhs.christstechangel.com /images nhslayoutv2_22.jpg
2005.09.08 21:47 B C:\xampp\htdocs\nhs\images\nhslayoutv2_23.jpg --> nhs.christstechangel.com /images nhslayoutv2_23.jpg
2005.09.08 21:47 B C:\xampp\htdocs\nhs\images\nhslayoutv2_24.jpg --> nhs.christstechangel.com /images nhslayoutv2_24.jpg
2005.09.08 21:47 B C:\xampp\htdocs\nhs\images\nhslayoutv2_25.jpg --> nhs.christstechangel.com /images nhslayoutv2_25.jpg
2005.09.08 21:47 B C:\xampp\htdocs\nhs\images\nhslayoutv2_26.jpg --> nhs.christstechangel.com /images nhslayoutv2_26.jpg
2005.09.08 21:47 B C:\xampp\htdocs\nhs\images\spacer.gif --> nhs.christstechangel.com /images spacer.gif
2005.09.08 21:48 B C:\xampp\htdocs\nhs\images\Thumbs.db --> nhs.christstechangel.com /images Thumbs.db
2005.09.20 23:46 B C:\xampp\htdocs\nhs\images\nhslayoutv2_01.jpg --> nhs.christstechangel.com /images nhslayoutv2_01.jpg
2005.09.20 23:46 B C:\xampp\htdocs\nhs\images\nhslayoutv2_02.jpg --> nhs.christstechangel.com /images nhslayoutv2_02.jpg
2005.09.20 23:46 B C:\xampp\htdocs\nhs\images\nhslayoutv2_03.jpg --> nhs.christstechangel.com /images nhslayoutv2_03.jpg
2005.09.20 23:46 B C:\xampp\htdocs\nhs\images\nhslayoutv2_04.jpg --> nhs.christstechangel.com /images nhslayoutv2_04.jpg
2005.09.20 23:46 B C:\xampp\htdocs\nhs\images\nhslayoutv2_05.jpg --> nhs.christstechangel.com /images nhslayoutv2_05.jpg
2005.09.20 23:46 B C:\xampp\htdocs\nhs\images\nhslayoutv2_06.jpg --> nhs.christstechangel.com /images nhslayoutv2_06.jpg
2005.09.20 23:46 B C:\xampp\htdocs\nhs\images\nhslayoutv2_07.jpg --> nhs.christstechangel.com /images nhslayoutv2_07.jpg
2005.09.20 23:46 B C:\xampp\htdocs\nhs\images\nhslayoutv2_09.jpg --> nhs.christstechangel.com /images nhslayoutv2_09.jpg
2005.09.20 23:46 B C:\xampp\htdocs\nhs\images\nhslayoutv2_10.jpg --> nhs.christstechangel.com /images nhslayoutv2_10.jpg
2005.09.20 23:46 B C:\xampp\htdocs\nhs\images\nhslayoutv2_11.jpg --> nhs.christstechangel.com /images nhslayoutv2_11.jpg
2005.09.20 23:46 B C:\xampp\htdocs\nhs\images\nhslayoutv2_12.jpg --> nhs.christstechangel.com /images nhslayoutv2_12.jpg
2005.09.20 23:47 B C:\xampp\htdocs\nhs\images\nhslayoutv2_13.jpg --> nhs.christstechangel.com /images nhslayoutv2_13.jpg
2005.09.20 23:47 B C:\xampp\htdocs\nhs\images\nhslayoutv2_14.jpg --> nhs.christstechangel.com /images nhslayoutv2_14.jpg
2005.09.20 23:47 B C:\xampp\htdocs\nhs\images\nhslayoutv2_15.jpg --> nhs.christstechangel.com /images nhslayoutv2_15.jpg
2005.09.20 23:47 B C:\xampp\htdocs\nhs\images\nhslayoutv2_16.jpg --> nhs.christstechangel.com /images nhslayoutv2_16.jpg
2005.09.20 23:47 B C:\xampp\htdocs\nhs\images\nhslayoutv2_17.jpg --> nhs.christstechangel.com /images nhslayoutv2_17.jpg
2005.09.20 23:47 B C:\xampp\htdocs\nhs\images\nhslayoutv2_18.jpg --> nhs.christstechangel.com /images nhslayoutv2_18.jpg
2005.09.20 23:47 B C:\xampp\htdocs\nhs\images\nhslayoutv2_19.jpg --> nhs.christstechangel.com /images nhslayoutv2_19.jpg
2005.09.20 23:47 B C:\xampp\htdocs\nhs\images\nhslayoutv2_20.jpg --> nhs.christstechangel.com /images nhslayoutv2_20.jpg
2005.09.20 23:47 B C:\xampp\htdocs\nhs\images\nhslayoutv2_21.jpg --> nhs.christstechangel.com /images nhslayoutv2_21.jpg
2005.09.20 23:47 B C:\xampp\htdocs\nhs\images\nhslayoutv2_22.jpg --> nhs.christstechangel.com /images nhslayoutv2_22.jpg
2005.09.20 23:47 B C:\xampp\htdocs\nhs\images\nhslayoutv2_23.jpg --> nhs.christstechangel.com /images nhslayoutv2_23.jpg
2005.09.20 23:47 B C:\xampp\htdocs\nhs\images\spacer.gif --> nhs.christstechangel.com /images spacer.gif
2005.09.20 23:47 B C:\xampp\htdocs\nhs\images\Thumbs.db --> nhs.christstechangel.com /images Thumbs.db
2007.05.26 23:08 B C:\Documents and Settings\Administrator\My Documents\My Web Sites\Online files\nhs\images\WS_FTP.LOG <-- My Site /public_html/nhs/images WS_FTP.LOG
